  AABBStuff.cpp
D:\School - GDP\Semester 2\Animation\Midterm\Code\Animation Project\ProjectEndGame\AABBStuff.cpp(24,29): warning C4244: 'initializing': conversion from 'float' to 'unsigned int', possible loss of data
  assimpLoader.cpp
  C24BitBMPpixel.cpp
  cBasicTextureManager.cpp
  cBigShooter.cpp
  cFBO.cpp
  cFlyCamera.cpp
  cGameObject.cpp
  cLight.cpp
  cLightImp.cpp
  cMeshObject.cpp
  cModelLoader.cpp
  cObjectFactory.cpp
  cPhysics.cpp
  cPhysics_Ericson.cpp
  cShader.cpp
  cShaderManager.cpp
  cShooter.cpp
  cSimpleAssimpSkinnedMeshLoader_OneMesh.cpp
  cSphereObject.cpp
  Generating Code...
D:\School - GDP\Semester 2\Animation\Midterm\Code\Animation Project\ProjectEndGame\AABBStuff.cpp(150,39): warning C4267: 'initializing': conversion from 'size_t' to 'int', possible loss of data
  Compiling...
  cTestObject.cpp
  CTextureFromBMP.cpp
  cVAOManager.cpp
  cMediator.cpp
  cDebugRenderer.cpp
  cDebugRenderer_BuiltInShapes.cpp
  CErrorLog.cpp
  cGLRenderStateHelper.cpp
  COpenGLError.cpp
  cLightHelper.cpp
  LowPassFilter.cpp
  PhysicsStuff.cpp
  sNVPair.cpp
  theMain.cpp
D:\School - GDP\Semester 2\Animation\Midterm\Code\Animation Project\ProjectEndGame\cShader.cpp(113): warning C4715: 'cShaderManager::cShaderProgram::getUniformLocID': not all control paths return a value
C:\Program Files (x86)\Windows Kits\10\Include\10.0.17763.0\shared\minwindef.h(130,1): warning C4005: 'APIENTRY': macro redefinition
D:\School - GDP\Semester 2\Animation\Midterm\Code\Animation Project\ProjectEndGame\include\glad\glad.h(32): message : see previous definition of 'APIENTRY'
D:\School - GDP\Semester 2\Animation\Midterm\Code\Animation Project\ProjectEndGame\theMain.cpp(45,10): warning C4067: unexpected tokens following preprocessor directive - expected a newline
D:\School - GDP\Semester 2\Animation\Midterm\Code\Animation Project\ProjectEndGame\theMain.cpp(1775,36): warning C4244: '+=': conversion from 'double' to 'T', possible loss of data
D:\School - GDP\Semester 2\Animation\Midterm\Code\Animation Project\ProjectEndGame\theMain.cpp(1775,36): warning C4244:         with
D:\School - GDP\Semester 2\Animation\Midterm\Code\Animation Project\ProjectEndGame\theMain.cpp(1775,36): warning C4244:         [
D:\School - GDP\Semester 2\Animation\Midterm\Code\Animation Project\ProjectEndGame\theMain.cpp(1775,36): warning C4244:             T=float
D:\School - GDP\Semester 2\Animation\Midterm\Code\Animation Project\ProjectEndGame\theMain.cpp(1775,36): warning C4244:         ]
D:\School - GDP\Semester 2\Animation\Midterm\Code\Animation Project\ProjectEndGame\theMain.cpp(1776,38): warning C4244: '+=': conversion from 'double' to 'T', possible loss of data
D:\School - GDP\Semester 2\Animation\Midterm\Code\Animation Project\ProjectEndGame\theMain.cpp(1776,38): warning C4244:         with
D:\School - GDP\Semester 2\Animation\Midterm\Code\Animation Project\ProjectEndGame\theMain.cpp(1776,38): warning C4244:         [
D:\School - GDP\Semester 2\Animation\Midterm\Code\Animation Project\ProjectEndGame\theMain.cpp(1776,38): warning C4244:             T=float
D:\School - GDP\Semester 2\Animation\Midterm\Code\Animation Project\ProjectEndGame\theMain.cpp(1776,38): warning C4244:         ]
D:\School - GDP\Semester 2\Animation\Midterm\Code\Animation Project\ProjectEndGame\theMain.cpp(2134,36): warning C4244: 'argument': conversion from 'int' to 'GLfloat', possible loss of data
  Generating Code...
D:\School - GDP\Semester 2\Animation\Midterm\Code\Animation Project\ProjectEndGame\theMain.cpp(2135,37): warning C4244: 'argument': conversion from 'int' to 'GLfloat', possible loss of data
  glad.c
glfw3.lib(context.obj) : warning LNK4099: PDB 'glfw.pdb' was not found with 'glfw3.lib(context.obj)' or at 'D:\School - GDP\Semester 2\Animation\Midterm\Code\Animation Project\x64\Debug\glfw.pdb'; linking object as if no debug info
glfw3.lib(init.obj) : warning LNK4099: PDB 'glfw.pdb' was not found with 'glfw3.lib(init.obj)' or at 'D:\School - GDP\Semester 2\Animation\Midterm\Code\Animation Project\x64\Debug\glfw.pdb'; linking object as if no debug info
glfw3.lib(input.obj) : warning LNK4099: PDB 'glfw.pdb' was not found with 'glfw3.lib(input.obj)' or at 'D:\School - GDP\Semester 2\Animation\Midterm\Code\Animation Project\x64\Debug\glfw.pdb'; linking object as if no debug info
glfw3.lib(monitor.obj) : warning LNK4099: PDB 'glfw.pdb' was not found with 'glfw3.lib(monitor.obj)' or at 'D:\School - GDP\Semester 2\Animation\Midterm\Code\Animation Project\x64\Debug\glfw.pdb'; linking object as if no debug info
glfw3.lib(vulkan.obj) : warning LNK4099: PDB 'glfw.pdb' was not found with 'glfw3.lib(vulkan.obj)' or at 'D:\School - GDP\Semester 2\Animation\Midterm\Code\Animation Project\x64\Debug\glfw.pdb'; linking object as if no debug info
glfw3.lib(window.obj) : warning LNK4099: PDB 'glfw.pdb' was not found with 'glfw3.lib(window.obj)' or at 'D:\School - GDP\Semester 2\Animation\Midterm\Code\Animation Project\x64\Debug\glfw.pdb'; linking object as if no debug info
glfw3.lib(win32_init.obj) : warning LNK4099: PDB 'glfw.pdb' was not found with 'glfw3.lib(win32_init.obj)' or at 'D:\School - GDP\Semester 2\Animation\Midterm\Code\Animation Project\x64\Debug\glfw.pdb'; linking object as if no debug info
glfw3.lib(win32_joystick.obj) : warning LNK4099: PDB 'glfw.pdb' was not found with 'glfw3.lib(win32_joystick.obj)' or at 'D:\School - GDP\Semester 2\Animation\Midterm\Code\Animation Project\x64\Debug\glfw.pdb'; linking object as if no debug info
glfw3.lib(win32_monitor.obj) : warning LNK4099: PDB 'glfw.pdb' was not found with 'glfw3.lib(win32_monitor.obj)' or at 'D:\School - GDP\Semester 2\Animation\Midterm\Code\Animation Project\x64\Debug\glfw.pdb'; linking object as if no debug info
glfw3.lib(win32_time.obj) : warning LNK4099: PDB 'glfw.pdb' was not found with 'glfw3.lib(win32_time.obj)' or at 'D:\School - GDP\Semester 2\Animation\Midterm\Code\Animation Project\x64\Debug\glfw.pdb'; linking object as if no debug info
glfw3.lib(win32_thread.obj) : warning LNK4099: PDB 'glfw.pdb' was not found with 'glfw3.lib(win32_thread.obj)' or at 'D:\School - GDP\Semester 2\Animation\Midterm\Code\Animation Project\x64\Debug\glfw.pdb'; linking object as if no debug info
glfw3.lib(win32_window.obj) : warning LNK4099: PDB 'glfw.pdb' was not found with 'glfw3.lib(win32_window.obj)' or at 'D:\School - GDP\Semester 2\Animation\Midterm\Code\Animation Project\x64\Debug\glfw.pdb'; linking object as if no debug info
glfw3.lib(wgl_context.obj) : warning LNK4099: PDB 'glfw.pdb' was not found with 'glfw3.lib(wgl_context.obj)' or at 'D:\School - GDP\Semester 2\Animation\Midterm\Code\Animation Project\x64\Debug\glfw.pdb'; linking object as if no debug info
glfw3.lib(egl_context.obj) : warning LNK4099: PDB 'glfw.pdb' was not found with 'glfw3.lib(egl_context.obj)' or at 'D:\School - GDP\Semester 2\Animation\Midterm\Code\Animation Project\x64\Debug\glfw.pdb'; linking object as if no debug info
glfw3.lib(osmesa_context.obj) : warning LNK4099: PDB 'glfw.pdb' was not found with 'glfw3.lib(osmesa_context.obj)' or at 'D:\School - GDP\Semester 2\Animation\Midterm\Code\Animation Project\x64\Debug\glfw.pdb'; linking object as if no debug info
  ProjectEndGame.vcxproj -> D:\School - GDP\Semester 2\Animation\Midterm\Code\Animation Project\x64\Debug\ProjectEndGame.exe
